{"/Users/jose.villanueva/workshop/test2/vite-project/src/exercise/00-MockFunctions/forEach.ts": {"path":"/Users/jose.villanueva/workshop/test2/vite-project/src/exercise/00-MockFunctions/forEach.ts","statementMap":{"0":{"start":{"line":6,"column":2},"end":{"line":8,"column":3}},"1":{"start":{"line":7,"column":4},"end":{"line":7,"column":19}}},"fnMap":{"0":{"name":"forEach","decl":{"start":{"line":5,"column":16},"end":{"line":5,"column":23}},"loc":{"start":{"line":5,"column":68},"end":{"line":9,"column":1}},"line":5}},"branchMap":{},"s":{"0":4,"1":12},"f":{"0":4},"b":{},"_coverageSchema":"1a1c01bbd47fc00a2c39e90264f33305004495a9","hash":"96ef737be0feb7e0cb6c94135f2292f04e50e6e6"}
,"/Users/jose.villanueva/workshop/test2/vite-project/src/exercise/01-MockModule/convertCase.ts": {"path":"/Users/jose.villanueva/workshop/test2/vite-project/src/exercise/01-MockModule/convertCase.ts","statementMap":{"0":{"start":{"line":9,"column":2},"end":{"line":18,"column":3}},"1":{"start":{"line":11,"column":6},"end":{"line":11,"column":30}},"2":{"start":{"line":13,"column":6},"end":{"line":13,"column":30}},"3":{"start":{"line":15,"column":6},"end":{"line":15,"column":32}},"4":{"start":{"line":17,"column":6},"end":{"line":17,"column":17}}},"fnMap":{"0":{"name":"convertCase","decl":{"start":{"line":7,"column":16},"end":{"line":7,"column":27}},"loc":{"start":{"line":7,"column":69},"end":{"line":19,"column":1}},"line":7}},"branchMap":{"0":{"loc":{"start":{"line":9,"column":2},"end":{"line":18,"column":3}},"type":"switch","locations":[{"start":{"line":10,"column":4},"end":{"line":11,"column":30}},{"start":{"line":12,"column":4},"end":{"line":13,"column":30}},{"start":{"line":14,"column":4},"end":{"line":15,"column":32}},{"start":{"line":16,"column":4},"end":{"line":17,"column":17}}],"line":9}},"s":{"0":5,"1":2,"2":1,"3":2,"4":0},"f":{"0":5},"b":{"0":[2,1,2,0]},"_coverageSchema":"1a1c01bbd47fc00a2c39e90264f33305004495a9","hash":"1a32c4eb284039cdf3a688b517a5d7269aa95096"}
,"/Users/jose.villanueva/workshop/test2/vite-project/src/exercise/03-ReactDom/Counter.tsx": {"path":"/Users/jose.villanueva/workshop/test2/vite-project/src/exercise/03-ReactDom/Counter.tsx","statementMap":{"0":{"start":{"line":3,"column":26},"end":{"line":16,"column":1}},"1":{"start":{"line":4,"column":28},"end":{"line":4,"column":45}},"2":{"start":{"line":6,"column":20},"end":{"line":6,"column":45}},"3":{"start":{"line":6,"column":26},"end":{"line":6,"column":45}},"4":{"start":{"line":7,"column":20},"end":{"line":7,"column":45}},"5":{"start":{"line":7,"column":26},"end":{"line":7,"column":45}},"6":{"start":{"line":9,"column":2},"end":{"line":15,"column":4}}},"fnMap":{"0":{"name":"(anonymous_0)","decl":{"start":{"line":3,"column":26},"end":{"line":3,"column":27}},"loc":{"start":{"line":3,"column":32},"end":{"line":16,"column":1}},"line":3},"1":{"name":"(anonymous_1)","decl":{"start":{"line":6,"column":20},"end":{"line":6,"column":21}},"loc":{"start":{"line":6,"column":26},"end":{"line":6,"column":45}},"line":6},"2":{"name":"(anonymous_2)","decl":{"start":{"line":7,"column":20},"end":{"line":7,"column":21}},"loc":{"start":{"line":7,"column":26},"end":{"line":7,"column":45}},"line":7}},"branchMap":{},"s":{"0":1,"1":3,"2":3,"3":1,"4":3,"5":1,"6":3},"f":{"0":3,"1":1,"2":1},"b":{},"_coverageSchema":"1a1c01bbd47fc00a2c39e90264f33305004495a9","hash":"1390b32d82a9ebc78494be3354f4993fdbe3c755"}
,"/Users/jose.villanueva/workshop/test2/vite-project/src/exercise/04-ReactTestingLibrary/Users.tsx": {"path":"/Users/jose.villanueva/workshop/test2/vite-project/src/exercise/04-ReactTestingLibrary/Users.tsx","statementMap":{"0":{"start":{"line":3,"column":14},"end":{"line":13,"column":1}},"1":{"start":{"line":4,"column":2},"end":{"line":12,"column":4}}},"fnMap":{"0":{"name":"(anonymous_0)","decl":{"start":{"line":3,"column":14},"end":{"line":3,"column":15}},"loc":{"start":{"line":3,"column":20},"end":{"line":13,"column":1}},"line":3}},"branchMap":{},"s":{"0":1,"1":2},"f":{"0":2},"b":{},"_coverageSchema":"1a1c01bbd47fc00a2c39e90264f33305004495a9","hash":"bc0c4b7fdaed2efe9111e60176daccf1d91b272a"}
}
