TN:
SF:src/exercise/00-MockFunctions/forEach.ts
FN:5,forEach
FNF:1
FNH:1
FNDA:4,forEach
DA:6,4
DA:7,12
LF:2
LH:2
BRF:0
BRH:0
end_of_record
TN:
SF:src/exercise/01-MockModule/convertCase.ts
FN:7,convertCase
FNF:1
FNH:1
FNDA:5,convertCase
DA:9,5
DA:11,2
DA:13,1
DA:15,2
DA:17,0
LF:5
LH:4
BRDA:9,0,0,2
BRDA:9,0,1,1
BRDA:9,0,2,2
BRDA:9,0,3,0
BRF:4
BRH:3
end_of_record
TN:
SF:src/exercise/03-ReactDom/Counter.tsx
FN:3,(anonymous_0)
FN:6,(anonymous_1)
FN:7,(anonymous_2)
FNF:3
FNH:3
FNDA:3,(anonymous_0)
FNDA:1,(anonymous_1)
FNDA:1,(anonymous_2)
DA:3,1
DA:4,3
DA:6,3
DA:7,3
DA:9,3
LF:5
LH:5
BRF:0
BRH:0
end_of_record
TN:
SF:src/exercise/04-ReactTestingLibrary/Users.tsx
FN:3,(anonymous_0)
FNF:1
FNH:1
FNDA:2,(anonymous_0)
DA:3,1
DA:4,2
LF:2
LH:2
BRF:0
BRH:0
end_of_record
